<?xml version="1.0" encoding="UTF-8"?>
<!-- Generated by org.testng.reporters.JUnitXMLReporter -->
<testsuite ignored="0" hostname="Vijay" failures="1" tests="1" name="EdgeTest" time="0.006" errors="0" timestamp="2024-06-17T12:12:47 IST">
  <testcase classname="org.base.BaseClass" name="crossBrowser" time="0.0">
    <failure type="org.testng.TestNGException" message="
Parameter &amp;apos;broswerName&amp;apos; is required by @Test on method crossBrowser but has not been marked @Optional or defined
in C:\Users\VijayB\eclipse-workspace\ProjectFB\CrossBrowser.xml">
      <![CDATA[org.testng.TestNGException: 
Parameter 'broswerName' is required by @Test on method crossBrowser but has not been marked @Optional or defined
in C:\Users\VijayB\eclipse-workspace\ProjectFB\CrossBrowser.xml
at java.base/java.util.ArrayList.forEach(ArrayList.java:1511)
... Removed 26 stack frames]]>
    </failure>
  </testcase> <!-- crossBrowser -->
</testsuite> <!-- EdgeTest -->
